<?xml version="1.0" encoding="UTF-8"?>
<!-- Generated by org.testng.reporters.JUnitReportReporter -->
<testsuite skipped="0" hostname="AUM" name="com.demo.nopcommerce.testsuite.LoginTest1" tests="1" failures="0" timestamp="11 Apr 2020 12:50:31 GMT" time="19.790" errors="0">
  <testcase name="verifyUserShouldNavigateToLoginPage1" time="19.790" classname="com.demo.nopcommerce.testsuite.LoginTest1"/>
</testsuite> <!-- com.demo.nopcommerce.testsuite.LoginTest1 -->
