<?xml version="1.0" encoding="UTF-8"?>
<!-- Generated by org.testng.reporters.JUnitReportReporter -->
<testsuite skipped="0" hostname="AUM" name="com.demo.nopcommerce.testsuite.LoginTest" tests="1" failures="0" timestamp="11 Apr 2020 12:50:31 GMT" time="25.241" errors="0">
  <testcase name="verifyUserShouldNavigateToLoginPage" time="25.241" classname="com.demo.nopcommerce.testsuite.LoginTest"/>
</testsuite> <!-- com.demo.nopcommerce.testsuite.LoginTest -->
