<?xml version="1.0" encoding="UTF-8"?>
<!-- Generated by org.testng.reporters.JUnitReportReporter -->
<testsuite hostname="AUM" failures="0" tests="3" name="com.demo.nopcommerce.TesstNG.TestNGDemo" time="0.002" errors="0" timestamp="11 Apr 2020 10:51:06 GMT" skipped="0">
  <testcase classname="com.demo.nopcommerce.TesstNG.TestNGDemo" name="test1" time="0.002"/>
  <testcase classname="com.demo.nopcommerce.TesstNG.TestNGDemo" name="test2" time="0.000"/>
  <testcase classname="com.demo.nopcommerce.TesstNG.TestNGDemo" name="test3" time="0.000"/>
</testsuite> <!-- com.demo.nopcommerce.TesstNG.TestNGDemo -->
